<?xml version="1.0" encoding="UTF-8"?>
<!-- Generated by org.testng.reporters.JUnitReportReporter -->
<testsuite hostname="KishoreMS" failures="0" tests="2" name="com.testng.Testingfile" time="16.256" errors="0" timestamp="2022-04-19T21:18:11 IST" skipped="0">
  <testcase classname="com.testng.Testingfile" name="m1" time="10.204"/>
  <system-out/>
  <testcase classname="com.testng.Testingfile" name="m1" time="6.052"/>
  <system-out/>
</testsuite> <!-- com.testng.Testingfile -->
