<?xml version="1.0" encoding="UTF-8"?>
<!-- Generated by org.testng.reporters.JUnitReportReporter -->
<testsuite hostname="KishoreMS" failures="0" tests="1" name="com.testng.Testing2" time="0.599" errors="0" timestamp="2022-04-19T21:26:34 IST" skipped="0">
  <testcase classname="com.testng.Testing2" name="m1" time="0.599"/>
  <system-out/>
</testsuite> <!-- com.testng.Testing2 -->
